<?xml version="1.0" encoding="UTF-8"?>
<testsuite xmlns:xsi="http://www.w3.org/2001/XMLSchema-instance" xsi:noNamespaceSchemaLocation="https://maven.apache.org/surefire/maven-surefire-plugin/xsd/surefire-test-report-3.0.xsd" version="3.0" name="com.udacity.catpoint.service.SecurityServiceTest" time="2.798" tests="21" errors="0" skipped="0" failures="0">
  <properties>
[...]
</properties>
  <testcase name="ifNoCatAndNoActiveSensors_setNoAlarm" classname="com.udacity.catpoint.service.SecurityServiceTest" time="2.445"/>
  <testcase name="getAlarmStatus_returnsCorrectStatus" classname="com.udacity.catpoint.service.SecurityServiceTest" time="0.041"/>
  <testcase name="ifPendingAlarmAndSensorInactive_returnNoAlarm" classname="com.udacity.catpoint.service.SecurityServiceTest" time="0.018"/>
  <testcase name="ifSystemArmedAndSensorActivatedAndPending_changeStatusToAlarm" classname="com.udacity.catpoint.service.SecurityServiceTest" time="0.011"/>
  <testcase name="ifAlarmActive_sensorChangesDoNotAffectState(boolean)[1]" classname="com.udacity.catpoint.service.SecurityServiceTest" time="0.036"/>
  <testcase name="ifAlarmActive_sensorChangesDoNotAffectState(boolean)[2]" classname="com.udacity.catpoint.service.SecurityServiceTest" time="0.007"/>
  <testcase name="ifSystemDisarmed_setNoAlarm" classname="com.udacity.catpoint.service.SecurityServiceTest" time="0.006"/>
  <testcase name="handleSensorDeactivated_setsNoAlarm_whenPendingAlarm" classname="com.udacity.catpoint.service.SecurityServiceTest" time="0.006"/>
  <testcase name="ifSensorDeactivatedWhileInactive_noStateChange(AlarmStatus)[1]" classname="com.udacity.catpoint.service.SecurityServiceTest" time="0.005"/>
  <testcase name="ifSensorDeactivatedWhileInactive_noStateChange(AlarmStatus)[2]" classname="com.udacity.catpoint.service.SecurityServiceTest" time="0.008"/>
  <testcase name="ifSensorDeactivatedWhileInactive_noStateChange(AlarmStatus)[3]" classname="com.udacity.catpoint.service.SecurityServiceTest" time="0.005"/>
  <testcase name="addAndRemoveSensor" classname="com.udacity.catpoint.service.SecurityServiceTest" time="0.006"/>
  <testcase name="getArmingStatus_returnsCorrectStatus" classname="com.udacity.catpoint.service.SecurityServiceTest" time="0.003"/>
  <testcase name="ifSystemArmedAndSensorActivated_changeStatusToPending" classname="com.udacity.catpoint.service.SecurityServiceTest" time="0.006"/>
  <testcase name="ifArmedHomeAfterCatDetected_triggerAlarm" classname="com.udacity.catpoint.service.SecurityServiceTest" time="0.011"/>
  <testcase name="addAndRemoveStatusListener" classname="com.udacity.catpoint.service.SecurityServiceTest" time="0.005"/>
  <testcase name="getSensors_returnsCorrectSensors" classname="com.udacity.catpoint.service.SecurityServiceTest" time="0.006"/>
  <testcase name="ifCatDetectedWhileArmedHome_triggerAlarm" classname="com.udacity.catpoint.service.SecurityServiceTest" time="0.007"/>
  <testcase name="ifSystemArmed_resetAllSensors(ArmingStatus)[1]" classname="com.udacity.catpoint.service.SecurityServiceTest" time="0.008"/>
  <testcase name="ifSystemArmed_resetAllSensors(ArmingStatus)[2]" classname="com.udacity.catpoint.service.SecurityServiceTest" time="0.005"/>
  <testcase name="ifAlarmActiveAndSystemDisarmed_changeToPending" classname="com.udacity.catpoint.service.SecurityServiceTest" time="0.005"/>
</testsuite>